[debug] [2022-10-13T00:28:47.160Z] ----------------------------------------------------------------------
[debug] [2022-10-13T00:28:47.162Z] Command:       C:\Program Files\nodejs\node.exe C:\Users\jfran\AppData\Roaming\npm\node_modules\firebase-tools\lib\bin\firebase.js emulators:start
[debug] [2022-10-13T00:28:47.162Z] CLI Version:   11.8.0
[debug] [2022-10-13T00:28:47.162Z] Platform:      win32
[debug] [2022-10-13T00:28:47.162Z] Node Version:  v16.16.0
[debug] [2022-10-13T00:28:47.163Z] Time:          Wed Oct 12 2022 18:28:47 GMT-0600 (Mountain Daylight Time)
[debug] [2022-10-13T00:28:47.163Z] ----------------------------------------------------------------------
[debug] 
[debug] [2022-10-13T00:28:47.221Z] > command requires scopes: ["email","openid","https://www.googleapis.com/auth/cloudplatformprojects.readonly","https://www.googleapis.com/auth/firebase","https://www.googleapis.com/auth/cloud-platform"]
[debug] [2022-10-13T00:28:47.221Z] > authorizing via signed-in user (jfranco376@gmail.com)
[info] i  emulators: Starting emulators: functions {"metadata":{"emulator":{"name":"hub"},"message":"Starting emulators: functions"}}
[debug] [2022-10-13T00:28:47.242Z] [hub] writing locator at C:\Users\jfran\AppData\Local\Temp\hub-capstone-cd3d1.json
[warn] !  functions: The following emulators are not running, calls to these services from the Functions emulator will affect production: auth, firestore, database, hosting, pubsub, storage, eventarc {"metadata":{"emulator":{"name":"functions"},"message":"The following emulators are not running, calls to these services from the Functions emulator will affect production: \u001b[1mauth, firestore, database, hosting, pubsub, storage, eventarc\u001b[22m"}}
[info] +  functions: Using node@16 from host. {"metadata":{"emulator":{"name":"functions"},"message":"Using node@16 from host."}}
[debug] [2022-10-13T00:28:47.292Z] defaultcredentials: writing to file C:\Users\jfran\AppData\Roaming\firebase\jfranco376_gmail_com_application_default_credentials.json
[debug] [2022-10-13T00:28:47.294Z] Setting GAC to C:\Users\jfran\AppData\Roaming\firebase\jfranco376_gmail_com_application_default_credentials.json {"metadata":{"emulator":{"name":"functions"},"message":"Setting GAC to C:\\Users\\jfran\\AppData\\Roaming\\firebase\\jfranco376_gmail_com_application_default_credentials.json"}}
[debug] [2022-10-13T00:28:47.298Z] >>> [apiv2][query] GET https://firebase.googleapis.com/v1beta1/projects/capstone-cd3d1/adminSdkConfig [none]
[debug] [2022-10-13T00:28:47.516Z] <<< [apiv2][status] GET https://firebase.googleapis.com/v1beta1/projects/capstone-cd3d1/adminSdkConfig 200
[debug] [2022-10-13T00:28:47.516Z] <<< [apiv2][body] GET https://firebase.googleapis.com/v1beta1/projects/capstone-cd3d1/adminSdkConfig {"projectId":"capstone-cd3d1","storageBucket":"capstone-cd3d1.appspot.com","locationId":"us-central"}
[warn] !  ui: Emulator UI unable to start on port 4000, starting on 4005 instead. {"metadata":{"emulator":{"name":"ui"},"message":"Emulator UI unable to start on port 4000, starting on 4005 instead."}}
[debug] [2022-10-13T00:28:47.546Z] Ignoring unsupported arg: auto_download {"metadata":{"emulator":{"name":"ui"},"message":"Ignoring unsupported arg: auto_download"}}
[debug] [2022-10-13T00:28:47.546Z] Ignoring unsupported arg: port {"metadata":{"emulator":{"name":"ui"},"message":"Ignoring unsupported arg: port"}}
[debug] [2022-10-13T00:28:47.546Z] Starting Emulator UI with command {"binary":"node","args":["C:\\Users\\jfran\\.cache\\firebase\\emulators\\ui-v1.9.0\\server\\server.js"],"optionalArgs":[],"joinArgs":false} {"metadata":{"emulator":{"name":"ui"},"message":"Starting Emulator UI with command {\"binary\":\"node\",\"args\":[\"C:\\\\Users\\\\jfran\\\\.cache\\\\firebase\\\\emulators\\\\ui-v1.9.0\\\\server\\\\server.js\"],\"optionalArgs\":[],\"joinArgs\":false}"}}
[info] i  ui: Emulator UI logging to ui-debug.log {"metadata":{"emulator":{"name":"ui"},"message":"Emulator UI logging to \u001b[1mui-debug.log\u001b[22m"}}
[debug] [2022-10-13T00:28:47.683Z] Web / API server started at localhost:4005
 {"metadata":{"emulator":{"name":"ui"},"message":"Web / API server started at localhost:4005\n"}}
[info] i  functions: Watching "C:\devFolder\React\capstone\functions" for Cloud Functions... {"metadata":{"emulator":{"name":"functions"},"message":"Watching \"C:\\devFolder\\React\\capstone\\functions\" for Cloud Functions..."}}
[debug] [2022-10-13T00:28:47.834Z] Validating nodejs source
[warn] !  functions: package.json indicates an outdated version of firebase-functions. Please upgrade using npm install --save firebase-functions@latest in your functions directory. 
[debug] [2022-10-13T00:28:50.520Z] > [functions] package.json contents: {
  "name": "functions",
  "description": "Cloud Functions for Firebase",
  "scripts": {
    "lint": "eslint .",
    "serve": "firebase emulators:start --only functions",
    "shell": "firebase functions:shell",
    "start": "npm run shell",
    "deploy": "firebase deploy --only functions",
    "logs": "firebase functions:log"
  },
  "engines": {
    "node": "16"
  },
  "main": "index.js",
  "dependencies": {
    "firebase-admin": "^10.0.2",
    "firebase-functions": "^3.18.0"
  },
  "devDependencies": {
    "eslint": "^8.9.0",
    "eslint-config-google": "^0.14.0",
    "firebase-functions-test": "^0.2.0"
  },
  "private": true
}
[debug] [2022-10-13T00:28:50.521Z] Building nodejs source
[debug] [2022-10-13T00:28:50.521Z] Analyzing nodejs backend spec
[debug] [2022-10-13T00:28:50.522Z] Could not find functions.yaml. Must use http discovery
[debug] [2022-10-13T00:28:50.765Z] Serving at port 9005

[debug] [2022-10-13T00:28:50.885Z] Got response from /__/functions.yaml {"endpoints":{"helloWorld":{"platform":"gcfv1","httpsTrigger":{},"entryPoint":"helloWorld"},"addAdminRole":{"platform":"gcfv1","labels":{},"callableTrigger":{},"entryPoint":"addAdminRole"},"testYelpAPI":{"platform":"gcfv1","labels":{},"callableTrigger":{},"entryPoint":"testYelpAPI"},"getUserYelpSearch":{"platform":"gcfv1","labels":{},"callableTrigger":{},"entryPoint":"getUserYelpSearch"}},"specVersion":"v1alpha1","requiredAPIs":[]}
[debug] [2022-10-13T00:28:50.907Z] shutdown requested via /__/quitquitquit

[info] +  functions: Loaded functions definitions from source: helloWorld, addAdminRole, testYelpAPI, getUserYelpSearch. {"metadata":{"emulator":{"name":"functions"},"message":"Loaded functions definitions from source: helloWorld, addAdminRole, testYelpAPI, getUserYelpSearch."}}
[info] +  functions[us-central1-helloWorld]: http function initialized (http://localhost:5001/capstone-cd3d1/us-central1/helloWorld). {"metadata":{"emulator":{"name":"functions"},"message":"\u001b[1mhttp\u001b[22m function initialized (http://localhost:5001/capstone-cd3d1/us-central1/helloWorld)."}}
[info] +  functions[us-central1-addAdminRole]: http function initialized (http://localhost:5001/capstone-cd3d1/us-central1/addAdminRole). {"metadata":{"emulator":{"name":"functions"},"message":"\u001b[1mhttp\u001b[22m function initialized (http://localhost:5001/capstone-cd3d1/us-central1/addAdminRole)."}}
[info] +  functions[us-central1-testYelpAPI]: http function initialized (http://localhost:5001/capstone-cd3d1/us-central1/testYelpAPI). {"metadata":{"emulator":{"name":"functions"},"message":"\u001b[1mhttp\u001b[22m function initialized (http://localhost:5001/capstone-cd3d1/us-central1/testYelpAPI)."}}
[info] +  functions[us-central1-getUserYelpSearch]: http function initialized (http://localhost:5001/capstone-cd3d1/us-central1/getUserYelpSearch). {"metadata":{"emulator":{"name":"functions"},"message":"\u001b[1mhttp\u001b[22m function initialized (http://localhost:5001/capstone-cd3d1/us-central1/getUserYelpSearch)."}}
[info] 
┌─────────────────────────────────────────────────────────────┐
│ ✔  All emulators ready! It is now safe to connect your app. │
│ i  View Emulator UI at http://localhost:4005                │
└─────────────────────────────────────────────────────────────┘

┌───────────┬────────────────┬─────────────────────────────────┐
│ Emulator  │ Host:Port      │ View in Emulator UI             │
├───────────┼────────────────┼─────────────────────────────────┤
│ Functions │ localhost:5001 │ http://localhost:4005/functions │
└───────────┴────────────────┴─────────────────────────────────┘
  Emulator Hub running at localhost:4400
  Other reserved ports: 4500

Issues? Report them at https://github.com/firebase/firebase-tools/issues and attach the *-debug.log files.
 
[debug] [2022-10-13T00:32:58.977Z] File C:\devFolder\React\capstone\functions\index.js changed, reloading triggers {"metadata":{"emulator":{"name":"functions"},"message":"File C:\\devFolder\\React\\capstone\\functions\\index.js changed, reloading triggers"}}
[debug] [2022-10-13T00:32:59.979Z] Validating nodejs source
[warn] !  functions: package.json indicates an outdated version of firebase-functions. Please upgrade using npm install --save firebase-functions@latest in your functions directory. 
[debug] [2022-10-13T00:33:02.469Z] > [functions] package.json contents: {
  "name": "functions",
  "description": "Cloud Functions for Firebase",
  "scripts": {
    "lint": "eslint .",
    "serve": "firebase emulators:start --only functions",
    "shell": "firebase functions:shell",
    "start": "npm run shell",
    "deploy": "firebase deploy --only functions",
    "logs": "firebase functions:log"
  },
  "engines": {
    "node": "16"
  },
  "main": "index.js",
  "dependencies": {
    "firebase-admin": "^10.0.2",
    "firebase-functions": "^3.18.0"
  },
  "devDependencies": {
    "eslint": "^8.9.0",
    "eslint-config-google": "^0.14.0",
    "firebase-functions-test": "^0.2.0"
  },
  "private": true
}
[debug] [2022-10-13T00:33:02.469Z] Building nodejs source
[debug] [2022-10-13T00:33:02.469Z] Analyzing nodejs backend spec
[debug] [2022-10-13T00:33:02.469Z] Could not find functions.yaml. Must use http discovery
[debug] [2022-10-13T00:33:02.669Z] Serving at port 9005

[debug] [2022-10-13T00:33:02.758Z] Got response from /__/functions.yaml {"endpoints":{"helloWorld":{"platform":"gcfv1","httpsTrigger":{},"entryPoint":"helloWorld"},"addAdminRole":{"platform":"gcfv1","labels":{},"callableTrigger":{},"entryPoint":"addAdminRole"},"testYelpAPI":{"platform":"gcfv1","labels":{},"callableTrigger":{},"entryPoint":"testYelpAPI"},"getUserYelpSearch":{"platform":"gcfv1","labels":{},"callableTrigger":{},"entryPoint":"getUserYelpSearch"}},"specVersion":"v1alpha1","requiredAPIs":[]}
[debug] [2022-10-13T00:33:02.765Z] shutdown requested via /__/quitquitquit

[info] +  functions: Loaded functions definitions from source: helloWorld, addAdminRole, testYelpAPI, getUserYelpSearch. {"metadata":{"emulator":{"name":"functions"},"message":"Loaded functions definitions from source: helloWorld, addAdminRole, testYelpAPI, getUserYelpSearch."}}
[debug] [2022-10-13T00:35:01.933Z] [work-queue] {"queueLength":1,"workRunningCount":0}
[debug] [2022-10-13T00:35:01.934Z] [work-queue] {"queueLength":0,"workRunningCount":1}
[debug] [2022-10-13T00:35:01.935Z] Accepted request OPTIONS /capstone-cd3d1/us-central1/testYelpAPI --> us-central1-testYelpAPI
[debug] [2022-10-13T00:35:01.953Z] [worker-pool] addWorker(us-central1-testYelpAPI) {"metadata":{"emulator":{"name":"functions"},"message":"[worker-pool] addWorker(us-central1-testYelpAPI)"}}
[debug] [2022-10-13T00:35:01.953Z] [worker-pool] Adding worker with key us-central1-testYelpAPI, total=1 {"metadata":{"emulator":{"name":"functions"},"message":"[worker-pool] Adding worker with key us-central1-testYelpAPI, total=1"}}
[debug] [2022-10-13T00:35:01.953Z] [worker-pool] submitWork(triggerId=us-central1-testYelpAPI) {"metadata":{"emulator":{"name":"functions"},"message":"[worker-pool] submitWork(triggerId=us-central1-testYelpAPI)"}}
[debug] [2022-10-13T00:35:01.954Z] [worker-us-central1-testYelpAPI-d27b9eb0-4da1-47c2-ba0c-2434ee2017ba]: BUSY {"metadata":{"emulator":{"name":"functions"},"message":"[worker-us-central1-testYelpAPI-d27b9eb0-4da1-47c2-ba0c-2434ee2017ba]: BUSY"}}
[debug] [2022-10-13T00:35:03.656Z] [runtime-status] [18972] Resolved module firebase-admin {"declared":true,"installed":true,"version":"10.3.0","resolution":"C:\\devFolder\\React\\capstone\\functions\\node_modules\\firebase-admin\\lib\\index.js"} {"metadata":{"emulator":{"name":"functions"},"function":{"name":"us-central1-testYelpAPI"},"extension":{},"message":"[runtime-status] [18972] Resolved module firebase-admin {\"declared\":true,\"installed\":true,\"version\":\"10.3.0\",\"resolution\":\"C:\\\\devFolder\\\\React\\\\capstone\\\\functions\\\\node_modules\\\\firebase-admin\\\\lib\\\\index.js\"}"}}
[debug] [2022-10-13T00:35:03.657Z] [runtime-status] [18972] Resolved module firebase-functions {"declared":true,"installed":true,"version":"3.22.0","resolution":"C:\\devFolder\\React\\capstone\\functions\\node_modules\\firebase-functions\\lib\\index.js"} {"metadata":{"emulator":{"name":"functions"},"function":{"name":"us-central1-testYelpAPI"},"extension":{},"message":"[runtime-status] [18972] Resolved module firebase-functions {\"declared\":true,\"installed\":true,\"version\":\"3.22.0\",\"resolution\":\"C:\\\\devFolder\\\\React\\\\capstone\\\\functions\\\\node_modules\\\\firebase-functions\\\\lib\\\\index.js\"}"}}
[debug] [2022-10-13T00:35:03.658Z] [runtime-status] [18972] Outgoing network have been stubbed. [{"name":"http","status":"mocked"},{"name":"http","status":"mocked"},{"name":"https","status":"mocked"},{"name":"https","status":"mocked"},{"name":"net","status":"mocked"}] {"metadata":{"emulator":{"name":"functions"},"function":{"name":"us-central1-testYelpAPI"},"extension":{},"message":"[runtime-status] [18972] Outgoing network have been stubbed. [{\"name\":\"http\",\"status\":\"mocked\"},{\"name\":\"http\",\"status\":\"mocked\"},{\"name\":\"https\",\"status\":\"mocked\"},{\"name\":\"https\",\"status\":\"mocked\"},{\"name\":\"net\",\"status\":\"mocked\"}]"}}
[debug] [2022-10-13T00:35:03.659Z] [runtime-status] [18972] Resolved module firebase-functions {"declared":true,"installed":true,"version":"3.22.0","resolution":"C:\\devFolder\\React\\capstone\\functions\\node_modules\\firebase-functions\\lib\\index.js"} {"metadata":{"emulator":{"name":"functions"},"function":{"name":"us-central1-testYelpAPI"},"extension":{},"message":"[runtime-status] [18972] Resolved module firebase-functions {\"declared\":true,\"installed\":true,\"version\":\"3.22.0\",\"resolution\":\"C:\\\\devFolder\\\\React\\\\capstone\\\\functions\\\\node_modules\\\\firebase-functions\\\\lib\\\\index.js\"}"}}
[debug] [2022-10-13T00:35:03.721Z] [runtime-status] [18972] Checked functions.config() {"config":{}} {"metadata":{"emulator":{"name":"functions"},"function":{"name":"us-central1-testYelpAPI"},"extension":{},"message":"[runtime-status] [18972] Checked functions.config() {\"config\":{}}"}}
[debug] [2022-10-13T00:35:03.721Z] [runtime-status] [18972] firebase-functions has been stubbed. {"functionsResolution":{"declared":true,"installed":true,"version":"3.22.0","resolution":"C:\\devFolder\\React\\capstone\\functions\\node_modules\\firebase-functions\\lib\\index.js"}} {"metadata":{"emulator":{"name":"functions"},"function":{"name":"us-central1-testYelpAPI"},"extension":{},"message":"[runtime-status] [18972] firebase-functions has been stubbed. {\"functionsResolution\":{\"declared\":true,\"installed\":true,\"version\":\"3.22.0\",\"resolution\":\"C:\\\\devFolder\\\\React\\\\capstone\\\\functions\\\\node_modules\\\\firebase-functions\\\\lib\\\\index.js\"}}"}}
[debug] [2022-10-13T00:35:03.722Z] [runtime-status] [18972] Resolved module firebase-functions {"declared":true,"installed":true,"version":"3.22.0","resolution":"C:\\devFolder\\React\\capstone\\functions\\node_modules\\firebase-functions\\lib\\index.js"} {"metadata":{"emulator":{"name":"functions"},"function":{"name":"us-central1-testYelpAPI"},"extension":{},"message":"[runtime-status] [18972] Resolved module firebase-functions {\"declared\":true,\"installed\":true,\"version\":\"3.22.0\",\"resolution\":\"C:\\\\devFolder\\\\React\\\\capstone\\\\functions\\\\node_modules\\\\firebase-functions\\\\lib\\\\index.js\"}"}}
[debug] [2022-10-13T00:35:03.723Z] [runtime-status] [18972] Resolved module firebase-admin {"declared":true,"installed":true,"version":"10.3.0","resolution":"C:\\devFolder\\React\\capstone\\functions\\node_modules\\firebase-admin\\lib\\index.js"} {"metadata":{"emulator":{"name":"functions"},"function":{"name":"us-central1-testYelpAPI"},"extension":{},"message":"[runtime-status] [18972] Resolved module firebase-admin {\"declared\":true,\"installed\":true,\"version\":\"10.3.0\",\"resolution\":\"C:\\\\devFolder\\\\React\\\\capstone\\\\functions\\\\node_modules\\\\firebase-admin\\\\lib\\\\index.js\"}"}}
[debug] [2022-10-13T00:35:03.724Z] [runtime-status] [18972] Resolved module firebase-functions {"declared":true,"installed":true,"version":"3.22.0","resolution":"C:\\devFolder\\React\\capstone\\functions\\node_modules\\firebase-functions\\lib\\index.js"} {"metadata":{"emulator":{"name":"functions"},"function":{"name":"us-central1-testYelpAPI"},"extension":{},"message":"[runtime-status] [18972] Resolved module firebase-functions {\"declared\":true,\"installed\":true,\"version\":\"3.22.0\",\"resolution\":\"C:\\\\devFolder\\\\React\\\\capstone\\\\functions\\\\node_modules\\\\firebase-functions\\\\lib\\\\index.js\"}"}}
[debug] [2022-10-13T00:35:03.725Z] [runtime-status] [18972] firebase-admin has been stubbed. {"adminResolution":{"declared":true,"installed":true,"version":"10.3.0","resolution":"C:\\devFolder\\React\\capstone\\functions\\node_modules\\firebase-admin\\lib\\index.js"}} {"metadata":{"emulator":{"name":"functions"},"function":{"name":"us-central1-testYelpAPI"},"extension":{},"message":"[runtime-status] [18972] firebase-admin has been stubbed. {\"adminResolution\":{\"declared\":true,\"installed\":true,\"version\":\"10.3.0\",\"resolution\":\"C:\\\\devFolder\\\\React\\\\capstone\\\\functions\\\\node_modules\\\\firebase-admin\\\\lib\\\\index.js\"}}"}}
[debug] [2022-10-13T00:35:03.725Z] [runtime-status] [18972] Functions runtime initialized. {"cwd":"C:\\devFolder\\React\\capstone\\functions","node_version":"16.16.0"} {"metadata":{"emulator":{"name":"functions"},"function":{"name":"us-central1-testYelpAPI"},"extension":{},"message":"[runtime-status] [18972] Functions runtime initialized. {\"cwd\":\"C:\\\\devFolder\\\\React\\\\capstone\\\\functions\",\"node_version\":\"16.16.0\"}"}}
[debug] [2022-10-13T00:35:03.765Z] [runtime-status] [18972] initializeApp(DEFAULT) {"storageBucket":"capstone-cd3d1.appspot.com","projectId":"capstone-cd3d1"} {"metadata":{"emulator":{"name":"functions"},"function":{"name":"us-central1-testYelpAPI"},"extension":{},"message":"[runtime-status] [18972] initializeApp(DEFAULT) {\"storageBucket\":\"capstone-cd3d1.appspot.com\",\"projectId\":\"capstone-cd3d1\"}"}}
[debug] [2022-10-13T00:35:03.767Z] [runtime-status] [18972] Beginning invocation function testYelpAPI! {"metadata":{"emulator":{"name":"functions"},"function":{"name":"us-central1-testYelpAPI"},"extension":{},"message":"[runtime-status] [18972] Beginning invocation function testYelpAPI!"}}
[info] i  functions: Beginning execution of "testYelpAPI" {"metadata":{"emulator":{"name":"functions"},"function":{"name":"us-central1-testYelpAPI"},"extension":{},"message":"Beginning execution of \"testYelpAPI\""}}
[debug] [2022-10-13T00:35:03.767Z] [runtime-status] [18972] Running testYelpAPI in signature http {"metadata":{"emulator":{"name":"functions"},"function":{"name":"us-central1-testYelpAPI"},"extension":{},"message":"[runtime-status] [18972] Running testYelpAPI in signature http"}}
[debug] [2022-10-13T00:35:03.772Z] [runtime-status] [18972] Listening to port: \\?\pipe\fire_emu_2630f29627149da9 {"metadata":{"emulator":{"name":"functions"},"function":{"name":"us-central1-testYelpAPI"},"extension":{},"message":"[runtime-status] [18972] Listening to port: \\\\?\\pipe\\fire_emu_2630f29627149da9"}}
[debug] [2022-10-13T00:35:03.827Z] [functions] Runtime ready! Sending request! {"metadata":{"emulator":{"name":"functions"},"message":"[functions] Runtime ready! Sending request!"}}
[debug] [2022-10-13T00:35:03.828Z] [functions] Got req.url=/capstone-cd3d1/us-central1/testYelpAPI, mapping to path=/ {"metadata":{"emulator":{"name":"functions"},"message":"[functions] Got req.url=/capstone-cd3d1/us-central1/testYelpAPI, mapping to path=/"}}
[debug] [2022-10-13T00:35:03.832Z] [runtime-status] [18972] Ephemeral server handling OPTIONS request {"metadata":{"emulator":{"name":"functions"},"function":{"name":"us-central1-testYelpAPI"},"extension":{},"message":"[runtime-status] [18972] Ephemeral server handling OPTIONS request"}}
[debug] [2022-10-13T00:35:03.837Z] [runtime-status] [18972] Ephemeral server survived. {"metadata":{"emulator":{"name":"functions"},"function":{"name":"us-central1-testYelpAPI"},"extension":{},"message":"[runtime-status] [18972] Ephemeral server survived."}}
[info] i  functions: Finished "testYelpAPI" in ~1s {"metadata":{"emulator":{"name":"functions"},"function":{"name":"us-central1-testYelpAPI"},"extension":{},"message":"Finished \"testYelpAPI\" in ~1s"}}
[debug] [2022-10-13T00:35:03.839Z] [worker-us-central1-testYelpAPI-d27b9eb0-4da1-47c2-ba0c-2434ee2017ba]: IDLE {"metadata":{"emulator":{"name":"functions"},"message":"[worker-us-central1-testYelpAPI-d27b9eb0-4da1-47c2-ba0c-2434ee2017ba]: IDLE"}}
[debug] [2022-10-13T00:35:03.839Z] [work-queue] {"queueLength":0,"workRunningCount":0}
[debug] [2022-10-13T00:42:22.820Z] File C:\devFolder\React\capstone\functions\index.js changed, reloading triggers {"metadata":{"emulator":{"name":"functions"},"message":"File C:\\devFolder\\React\\capstone\\functions\\index.js changed, reloading triggers"}}
[debug] [2022-10-13T00:42:23.828Z] Validating nodejs source
[warn] !  functions: package.json indicates an outdated version of firebase-functions. Please upgrade using npm install --save firebase-functions@latest in your functions directory. 
[debug] [2022-10-13T00:42:26.028Z] > [functions] package.json contents: {
  "name": "functions",
  "description": "Cloud Functions for Firebase",
  "scripts": {
    "lint": "eslint .",
    "serve": "firebase emulators:start --only functions",
    "shell": "firebase functions:shell",
    "start": "npm run shell",
    "deploy": "firebase deploy --only functions",
    "logs": "firebase functions:log"
  },
  "engines": {
    "node": "16"
  },
  "main": "index.js",
  "dependencies": {
    "firebase-admin": "^10.0.2",
    "firebase-functions": "^3.18.0"
  },
  "devDependencies": {
    "eslint": "^8.9.0",
    "eslint-config-google": "^0.14.0",
    "firebase-functions-test": "^0.2.0"
  },
  "private": true
}
[debug] [2022-10-13T00:42:26.028Z] Building nodejs source
[debug] [2022-10-13T00:42:26.028Z] Analyzing nodejs backend spec
[debug] [2022-10-13T00:42:26.028Z] Could not find functions.yaml. Must use http discovery
[debug] [2022-10-13T00:42:26.227Z] Serving at port 9005

[debug] [2022-10-13T00:42:26.239Z] Got response from /__/functions.yaml Failed to generate manifest from function source: SyntaxError: Malformed arrow function parameter list
[debug] [2022-10-13T00:42:26.241Z] Failed to parse functions.yamlincomplete explicit mapping pair; a key node is missed; or followed by a non-tabulated empty line at line 1, column 62:
     ... rom function source: SyntaxError: Malformed arrow function param ... 
                                         ^ {"name":"YAMLException","reason":"incomplete explicit mapping pair; a key node is missed; or followed by a non-tabulated empty line","mark":{"name":null,"buffer":"Failed to generate manifest from function source: SyntaxError: Malformed arrow function parameter list\n\u0000","position":61,"line":0,"column":61},"message":"incomplete explicit mapping pair; a key node is missed; or followed by a non-tabulated empty line at line 1, column 62:\n     ... rom function source: SyntaxError: Malformed arrow function param ... \n                                         ^"}
[debug] [2022-10-13T00:42:26.244Z] shutdown requested via /__/quitquitquit

[error] !!  functions: Failed to load function definition from source: FirebaseError: Failed to load function definition from source: Failed to generate manifest from function source: SyntaxError: Malformed arrow function parameter list {"metadata":{"emulator":{"name":"functions"},"message":"Failed to load function definition from source: FirebaseError: Failed to load function definition from source: Failed to generate manifest from function source: SyntaxError: Malformed arrow function parameter list"}}
[debug] [2022-10-13T00:42:45.538Z] File C:\devFolder\React\capstone\functions\index.js changed, reloading triggers {"metadata":{"emulator":{"name":"functions"},"message":"File C:\\devFolder\\React\\capstone\\functions\\index.js changed, reloading triggers"}}
[debug] [2022-10-13T00:42:46.555Z] Validating nodejs source
[warn] !  functions: package.json indicates an outdated version of firebase-functions. Please upgrade using npm install --save firebase-functions@latest in your functions directory. 
[debug] [2022-10-13T00:42:48.657Z] > [functions] package.json contents: {
  "name": "functions",
  "description": "Cloud Functions for Firebase",
  "scripts": {
    "lint": "eslint .",
    "serve": "firebase emulators:start --only functions",
    "shell": "firebase functions:shell",
    "start": "npm run shell",
    "deploy": "firebase deploy --only functions",
    "logs": "firebase functions:log"
  },
  "engines": {
    "node": "16"
  },
  "main": "index.js",
  "dependencies": {
    "firebase-admin": "^10.0.2",
    "firebase-functions": "^3.18.0"
  },
  "devDependencies": {
    "eslint": "^8.9.0",
    "eslint-config-google": "^0.14.0",
    "firebase-functions-test": "^0.2.0"
  },
  "private": true
}
[debug] [2022-10-13T00:42:48.658Z] Building nodejs source
[debug] [2022-10-13T00:42:48.658Z] Analyzing nodejs backend spec
[debug] [2022-10-13T00:42:48.658Z] Could not find functions.yaml. Must use http discovery
[debug] [2022-10-13T00:42:48.869Z] Serving at port 9005

[debug] [2022-10-13T00:42:48.959Z] Got response from /__/functions.yaml {"endpoints":{"helloWorld":{"platform":"gcfv1","httpsTrigger":{},"entryPoint":"helloWorld"},"addAdminRole":{"platform":"gcfv1","labels":{},"callableTrigger":{},"entryPoint":"addAdminRole"},"testYelpAPI":{"platform":"gcfv1","labels":{},"callableTrigger":{},"entryPoint":"testYelpAPI"},"getUserYelpSearch":{"platform":"gcfv1","labels":{},"callableTrigger":{},"entryPoint":"getUserYelpSearch"}},"specVersion":"v1alpha1","requiredAPIs":[]}
[debug] [2022-10-13T00:42:48.964Z] shutdown requested via /__/quitquitquit

[info] +  functions: Loaded functions definitions from source: helloWorld, addAdminRole, testYelpAPI, getUserYelpSearch. {"metadata":{"emulator":{"name":"functions"},"message":"Loaded functions definitions from source: helloWorld, addAdminRole, testYelpAPI, getUserYelpSearch."}}
[debug] [2022-10-13T00:42:48.977Z] [worker-pool] Shutting down IDLE worker (us-central1-testYelpAPI) {"metadata":{"emulator":{"name":"functions"},"message":"[worker-pool] Shutting down IDLE worker (us-central1-testYelpAPI)"}}
[debug] [2022-10-13T00:42:48.978Z] [worker-us-central1-testYelpAPI-d27b9eb0-4da1-47c2-ba0c-2434ee2017ba]: FINISHING {"metadata":{"emulator":{"name":"functions"},"message":"[worker-us-central1-testYelpAPI-d27b9eb0-4da1-47c2-ba0c-2434ee2017ba]: FINISHING"}}
[debug] [2022-10-13T00:42:48.985Z] [worker-us-central1-testYelpAPI-d27b9eb0-4da1-47c2-ba0c-2434ee2017ba]: exited {"metadata":{"emulator":{"name":"functions"},"message":"[worker-us-central1-testYelpAPI-d27b9eb0-4da1-47c2-ba0c-2434ee2017ba]: exited"}}
[debug] [2022-10-13T00:42:48.985Z] [worker-us-central1-testYelpAPI-d27b9eb0-4da1-47c2-ba0c-2434ee2017ba]: FINISHED {"metadata":{"emulator":{"name":"functions"},"message":"[worker-us-central1-testYelpAPI-d27b9eb0-4da1-47c2-ba0c-2434ee2017ba]: FINISHED"}}
[debug] [2022-10-13T00:46:32.393Z] File C:\devFolder\React\capstone\functions\index.js changed, reloading triggers {"metadata":{"emulator":{"name":"functions"},"message":"File C:\\devFolder\\React\\capstone\\functions\\index.js changed, reloading triggers"}}
[debug] [2022-10-13T00:46:33.412Z] Validating nodejs source
[warn] !  functions: package.json indicates an outdated version of firebase-functions. Please upgrade using npm install --save firebase-functions@latest in your functions directory. 
[debug] [2022-10-13T00:46:35.620Z] > [functions] package.json contents: {
  "name": "functions",
  "description": "Cloud Functions for Firebase",
  "scripts": {
    "lint": "eslint .",
    "serve": "firebase emulators:start --only functions",
    "shell": "firebase functions:shell",
    "start": "npm run shell",
    "deploy": "firebase deploy --only functions",
    "logs": "firebase functions:log"
  },
  "engines": {
    "node": "16"
  },
  "main": "index.js",
  "dependencies": {
    "firebase-admin": "^10.0.2",
    "firebase-functions": "^3.18.0"
  },
  "devDependencies": {
    "eslint": "^8.9.0",
    "eslint-config-google": "^0.14.0",
    "firebase-functions-test": "^0.2.0"
  },
  "private": true
}
[debug] [2022-10-13T00:46:35.620Z] Building nodejs source
[debug] [2022-10-13T00:46:35.620Z] Analyzing nodejs backend spec
[debug] [2022-10-13T00:46:35.621Z] Could not find functions.yaml. Must use http discovery
[debug] [2022-10-13T00:46:35.860Z] Serving at port 9005

[debug] [2022-10-13T00:46:35.874Z] Got response from /__/functions.yaml Failed to generate manifest from function source: SyntaxError: await is only valid in async functions and the top level bodies of modules
[debug] [2022-10-13T00:46:35.875Z] Failed to parse functions.yamlincomplete explicit mapping pair; a key node is missed; or followed by a non-tabulated empty line at line 1, column 62:
     ... rom function source: SyntaxError: await is only valid in async f ... 
                                         ^ {"name":"YAMLException","reason":"incomplete explicit mapping pair; a key node is missed; or followed by a non-tabulated empty line","mark":{"name":null,"buffer":"Failed to generate manifest from function source: SyntaxError: await is only valid in async functions and the top level bodies of modules\n\u0000","position":61,"line":0,"column":61},"message":"incomplete explicit mapping pair; a key node is missed; or followed by a non-tabulated empty line at line 1, column 62:\n     ... rom function source: SyntaxError: await is only valid in async f ... \n                                         ^"}
[debug] [2022-10-13T00:46:35.878Z] shutdown requested via /__/quitquitquit

[error] !!  functions: Failed to load function definition from source: FirebaseError: Failed to load function definition from source: Failed to generate manifest from function source: SyntaxError: await is only valid in async functions and the top level bodies of modules {"metadata":{"emulator":{"name":"functions"},"message":"Failed to load function definition from source: FirebaseError: Failed to load function definition from source: Failed to generate manifest from function source: SyntaxError: await is only valid in async functions and the top level bodies of modules"}}
[debug] [2022-10-13T00:46:41.398Z] File C:\devFolder\React\capstone\functions\index.js changed, reloading triggers {"metadata":{"emulator":{"name":"functions"},"message":"File C:\\devFolder\\React\\capstone\\functions\\index.js changed, reloading triggers"}}
[debug] [2022-10-13T00:46:42.404Z] Validating nodejs source
[warn] !  functions: package.json indicates an outdated version of firebase-functions. Please upgrade using npm install --save firebase-functions@latest in your functions directory. 
[debug] [2022-10-13T00:46:44.461Z] > [functions] package.json contents: {
  "name": "functions",
  "description": "Cloud Functions for Firebase",
  "scripts": {
    "lint": "eslint .",
    "serve": "firebase emulators:start --only functions",
    "shell": "firebase functions:shell",
    "start": "npm run shell",
    "deploy": "firebase deploy --only functions",
    "logs": "firebase functions:log"
  },
  "engines": {
    "node": "16"
  },
  "main": "index.js",
  "dependencies": {
    "firebase-admin": "^10.0.2",
    "firebase-functions": "^3.18.0"
  },
  "devDependencies": {
    "eslint": "^8.9.0",
    "eslint-config-google": "^0.14.0",
    "firebase-functions-test": "^0.2.0"
  },
  "private": true
}
[debug] [2022-10-13T00:46:44.461Z] Building nodejs source
[debug] [2022-10-13T00:46:44.461Z] Analyzing nodejs backend spec
[debug] [2022-10-13T00:46:44.462Z] Could not find functions.yaml. Must use http discovery
[debug] [2022-10-13T00:46:44.674Z] Serving at port 9005

[debug] [2022-10-13T00:46:44.685Z] Got response from /__/functions.yaml Failed to generate manifest from function source: SyntaxError: await is only valid in async functions and the top level bodies of modules
[debug] [2022-10-13T00:46:44.686Z] Failed to parse functions.yamlincomplete explicit mapping pair; a key node is missed; or followed by a non-tabulated empty line at line 1, column 62:
     ... rom function source: SyntaxError: await is only valid in async f ... 
                                         ^ {"name":"YAMLException","reason":"incomplete explicit mapping pair; a key node is missed; or followed by a non-tabulated empty line","mark":{"name":null,"buffer":"Failed to generate manifest from function source: SyntaxError: await is only valid in async functions and the top level bodies of modules\n\u0000","position":61,"line":0,"column":61},"message":"incomplete explicit mapping pair; a key node is missed; or followed by a non-tabulated empty line at line 1, column 62:\n     ... rom function source: SyntaxError: await is only valid in async f ... \n                                         ^"}
[debug] [2022-10-13T00:46:44.688Z] shutdown requested via /__/quitquitquit

[error] !!  functions: Failed to load function definition from source: FirebaseError: Failed to load function definition from source: Failed to generate manifest from function source: SyntaxError: await is only valid in async functions and the top level bodies of modules {"metadata":{"emulator":{"name":"functions"},"message":"Failed to load function definition from source: FirebaseError: Failed to load function definition from source: Failed to generate manifest from function source: SyntaxError: await is only valid in async functions and the top level bodies of modules"}}
[debug] [2022-10-13T00:46:51.462Z] File C:\devFolder\React\capstone\functions\index.js changed, reloading triggers {"metadata":{"emulator":{"name":"functions"},"message":"File C:\\devFolder\\React\\capstone\\functions\\index.js changed, reloading triggers"}}
[debug] [2022-10-13T00:46:52.469Z] Validating nodejs source
[warn] !  functions: package.json indicates an outdated version of firebase-functions. Please upgrade using npm install --save firebase-functions@latest in your functions directory. 
[debug] [2022-10-13T00:46:54.659Z] > [functions] package.json contents: {
  "name": "functions",
  "description": "Cloud Functions for Firebase",
  "scripts": {
    "lint": "eslint .",
    "serve": "firebase emulators:start --only functions",
    "shell": "firebase functions:shell",
    "start": "npm run shell",
    "deploy": "firebase deploy --only functions",
    "logs": "firebase functions:log"
  },
  "engines": {
    "node": "16"
  },
  "main": "index.js",
  "dependencies": {
    "firebase-admin": "^10.0.2",
    "firebase-functions": "^3.18.0"
  },
  "devDependencies": {
    "eslint": "^8.9.0",
    "eslint-config-google": "^0.14.0",
    "firebase-functions-test": "^0.2.0"
  },
  "private": true
}
[debug] [2022-10-13T00:46:54.659Z] Building nodejs source
[debug] [2022-10-13T00:46:54.660Z] Analyzing nodejs backend spec
[debug] [2022-10-13T00:46:54.660Z] Could not find functions.yaml. Must use http discovery
[debug] [2022-10-13T00:46:54.905Z] Serving at port 9005

[debug] [2022-10-13T00:46:55.024Z] Got response from /__/functions.yaml {"endpoints":{"helloWorld":{"platform":"gcfv1","httpsTrigger":{},"entryPoint":"helloWorld"},"addAdminRole":{"platform":"gcfv1","labels":{},"callableTrigger":{},"entryPoint":"addAdminRole"},"testYelpAPI":{"platform":"gcfv1","labels":{},"callableTrigger":{},"entryPoint":"testYelpAPI"},"getUserYelpSearch":{"platform":"gcfv1","labels":{},"callableTrigger":{},"entryPoint":"getUserYelpSearch"}},"specVersion":"v1alpha1","requiredAPIs":[]}
[debug] [2022-10-13T00:46:55.031Z] shutdown requested via /__/quitquitquit

[info] +  functions: Loaded functions definitions from source: helloWorld, addAdminRole, testYelpAPI, getUserYelpSearch. {"metadata":{"emulator":{"name":"functions"},"message":"Loaded functions definitions from source: helloWorld, addAdminRole, testYelpAPI, getUserYelpSearch."}}
[debug] [2022-10-13T00:49:51.606Z] File C:\devFolder\React\capstone\functions\index.js changed, reloading triggers {"metadata":{"emulator":{"name":"functions"},"message":"File C:\\devFolder\\React\\capstone\\functions\\index.js changed, reloading triggers"}}
[debug] [2022-10-13T00:49:52.608Z] Validating nodejs source
[warn] !  functions: package.json indicates an outdated version of firebase-functions. Please upgrade using npm install --save firebase-functions@latest in your functions directory. 
[debug] [2022-10-13T00:49:54.732Z] > [functions] package.json contents: {
  "name": "functions",
  "description": "Cloud Functions for Firebase",
  "scripts": {
    "lint": "eslint .",
    "serve": "firebase emulators:start --only functions",
    "shell": "firebase functions:shell",
    "start": "npm run shell",
    "deploy": "firebase deploy --only functions",
    "logs": "firebase functions:log"
  },
  "engines": {
    "node": "16"
  },
  "main": "index.js",
  "dependencies": {
    "firebase-admin": "^10.0.2",
    "firebase-functions": "^3.18.0"
  },
  "devDependencies": {
    "eslint": "^8.9.0",
    "eslint-config-google": "^0.14.0",
    "firebase-functions-test": "^0.2.0"
  },
  "private": true
}
[debug] [2022-10-13T00:49:54.732Z] Building nodejs source
[debug] [2022-10-13T00:49:54.732Z] Analyzing nodejs backend spec
[debug] [2022-10-13T00:49:54.732Z] Could not find functions.yaml. Must use http discovery
[debug] [2022-10-13T00:49:54.932Z] Serving at port 9005

[debug] [2022-10-13T00:49:55.020Z] Got response from /__/functions.yaml {"endpoints":{"helloWorld":{"platform":"gcfv1","httpsTrigger":{},"entryPoint":"helloWorld"},"addAdminRole":{"platform":"gcfv1","labels":{},"callableTrigger":{},"entryPoint":"addAdminRole"},"testYelpAPI":{"platform":"gcfv1","labels":{},"callableTrigger":{},"entryPoint":"testYelpAPI"},"getUserYelpSearch":{"platform":"gcfv1","labels":{},"callableTrigger":{},"entryPoint":"getUserYelpSearch"}},"specVersion":"v1alpha1","requiredAPIs":[]}
[debug] [2022-10-13T00:49:55.025Z] shutdown requested via /__/quitquitquit

[info] +  functions: Loaded functions definitions from source: helloWorld, addAdminRole, testYelpAPI, getUserYelpSearch. {"metadata":{"emulator":{"name":"functions"},"message":"Loaded functions definitions from source: helloWorld, addAdminRole, testYelpAPI, getUserYelpSearch."}}
